2018-04-06T06:04:16+00:00 DEBUG (7): Start Notification
2018-04-06T06:04:16+00:00 DEBUG (7): Start FCM cnt 11662 IOS android
2018-04-06T06:04:17+00:00 DEBUG (7): Complete FCM cnt 11662 IOS android
2018-04-06T06:04:17+00:00 DEBUG (7): Start FCM cnt 481 IOS iphone
2018-04-06T06:04:21+00:00 DEBUG (7): Complete FCM cnt 481 IOS iphone
2018-04-06T06:04:22+00:00 DEBUG (7): Start GCM cnt 999 IOS Android
2018-04-06T06:04:24+00:00 DEBUG (7): Complete GCM cnt 999 IOS Android
2018-04-06T06:04:24+00:00 DEBUG (7): Start GCM cnt 999 IOS Android
2018-04-06T06:04:26+00:00 DEBUG (7): Complete GCM cnt 999 IOS Android
2018-04-06T06:04:26+00:00 DEBUG (7): Start GCM cnt 999 IOS Android
2018-04-06T06:04:28+00:00 DEBUG (7): Complete GCM cnt 999 IOS Android
2018-04-06T06:04:28+00:00 DEBUG (7): Start GCM cnt 999 IOS Android
2018-04-06T06:04:30+00:00 DEBUG (7): Complete GCM cnt 999 IOS Android
2018-04-06T06:04:30+00:00 DEBUG (7): Start GCM cnt 999 IOS Android
2018-04-06T06:04:32+00:00 DEBUG (7): Complete GCM cnt 999 IOS Android
2018-04-06T06:04:32+00:00 DEBUG (7): Start GCM cnt 999 IOS Android
2018-04-06T06:04:34+00:00 DEBUG (7): Complete GCM cnt 999 IOS Android
2018-04-06T06:04:34+00:00 DEBUG (7): Start GCM cnt 999 IOS Android
2018-04-06T06:04:35+00:00 DEBUG (7): Complete GCM cnt 999 IOS Android
2018-04-06T06:04:36+00:00 DEBUG (7): Start GCM cnt 999 IOS Android
2018-04-06T06:04:37+00:00 DEBUG (7): Complete GCM cnt 999 IOS Android
2018-04-06T06:04:37+00:00 DEBUG (7): Start GCM cnt 999 IOS Android
2018-04-06T06:04:39+00:00 DEBUG (7): Complete GCM cnt 999 IOS Android
2018-04-06T06:04:39+00:00 DEBUG (7): Start GCM cnt 999 IOS Android
2018-04-06T06:04:41+00:00 DEBUG (7): Complete GCM cnt 999 IOS Android
2018-04-06T06:04:41+00:00 DEBUG (7): Start GCM cnt 999 IOS Android
2018-04-06T06:04:43+00:00 DEBUG (7): Complete GCM cnt 999 IOS Android
2018-04-06T06:04:43+00:00 DEBUG (7): Start GCM cnt 999 IOS Android
2018-04-06T06:04:45+00:00 DEBUG (7): Complete GCM cnt 999 IOS Android
2018-04-06T06:04:45+00:00 DEBUG (7): Start GCM cnt 999 IOS Android
2018-04-06T06:04:46+00:00 DEBUG (7): Complete GCM cnt 999 IOS Android
2018-04-06T06:04:46+00:00 DEBUG (7): Start GCM cnt 999 IOS Android
2018-04-06T06:04:48+00:00 DEBUG (7): Complete GCM cnt 999 IOS Android
2018-04-06T06:04:48+00:00 DEBUG (7): Start GCM cnt 999 IOS Android
2018-04-06T06:04:50+00:00 DEBUG (7): Complete GCM cnt 999 IOS Android
2018-04-06T06:04:50+00:00 DEBUG (7): Start GCM cnt 224 IOS Android
2018-04-06T06:04:52+00:00 DEBUG (7): Complete GCM cnt 224 IOS Android
2018-04-06T06:04:52+00:00 DEBUG (7): Start GCM cnt 956 IOS iPhone
2018-04-06T06:16:57+00:00 DEBUG (7): Complete GCM cnt 956 IOS iPhone
2018-04-06T06:16:57+00:00 DEBUG (7): End Notification
