2018-04-06T04:01:22+00:00 DEBUG (7): OTP Count Before :
2018-04-06T04:01:22+00:00 DEBUG (7): OTP Count After :1
2018-04-06T04:03:25+00:00 DEBUG (7): EB Pin
2018-04-06T04:03:25+00:00 DEBUG (7): 
2018-04-06T04:03:25+00:00 DEBUG (7): OTP Count :
2018-04-06T04:03:37+00:00 DEBUG (7): EB Pin
2018-04-06T04:03:37+00:00 DEBUG (7): 
2018-04-06T04:03:37+00:00 DEBUG (7): OTP Count :
2018-04-06T04:03:41+00:00 DEBUG (7): EB Pin
2018-04-06T04:03:41+00:00 DEBUG (7): 
2018-04-06T04:03:41+00:00 DEBUG (7): OTP Count :
2018-04-06T04:07:08+00:00 DEBUG (7): EB Pin
2018-04-06T04:07:08+00:00 DEBUG (7): 
2018-04-06T04:07:08+00:00 DEBUG (7): OTP Count :
2018-04-06T04:07:15+00:00 DEBUG (7): EB Pin
2018-04-06T04:07:15+00:00 DEBUG (7): 
2018-04-06T04:07:15+00:00 DEBUG (7): OTP Count :
2018-04-06T04:07:21+00:00 DEBUG (7): EB Pin
2018-04-06T04:07:21+00:00 DEBUG (7): 
2018-04-06T04:07:21+00:00 DEBUG (7): OTP Count :
2018-04-06T04:07:25+00:00 DEBUG (7): EB Pin
2018-04-06T04:07:25+00:00 DEBUG (7): 
2018-04-06T04:07:25+00:00 DEBUG (7): OTP Count :
2018-04-06T04:07:32+00:00 DEBUG (7): EB Pin
2018-04-06T04:07:32+00:00 DEBUG (7): 
2018-04-06T04:07:32+00:00 DEBUG (7): OTP Count :
2018-04-06T04:07:36+00:00 DEBUG (7): OTP Count Before :
2018-04-06T04:07:36+00:00 DEBUG (7): OTP Count After :1
2018-04-06T04:07:51+00:00 DEBUG (7): Confirm Order PIN
2018-04-06T04:07:51+00:00 DEBUG (7): Array
(
    [9920742362] => 6584
)

2018-04-06T04:07:54+00:00 DEBUG (7): EB Pin
2018-04-06T04:07:54+00:00 DEBUG (7): Array
(
    [9920742362] => 6584
)

2018-04-06T04:07:54+00:00 DEBUG (7): OTP Count :1
2018-04-06T04:07:57+00:00 DEBUG (7): EB Pin
2018-04-06T04:07:57+00:00 DEBUG (7): Array
(
    [9920742362] => 6584
)

2018-04-06T04:07:57+00:00 DEBUG (7): OTP Count :1
2018-04-06T04:16:21+00:00 DEBUG (7): EB Pin
2018-04-06T04:16:21+00:00 DEBUG (7): 
2018-04-06T04:16:21+00:00 DEBUG (7): OTP Count :
2018-04-06T04:16:25+00:00 DEBUG (7): EB Pin
2018-04-06T04:16:25+00:00 DEBUG (7): 
2018-04-06T04:16:25+00:00 DEBUG (7): OTP Count :
2018-04-06T04:16:29+00:00 DEBUG (7): EB Pin
2018-04-06T04:16:29+00:00 DEBUG (7): 
2018-04-06T04:16:29+00:00 DEBUG (7): OTP Count :
2018-04-06T04:16:33+00:00 DEBUG (7): EB Pin
2018-04-06T04:16:33+00:00 DEBUG (7): 
2018-04-06T04:16:33+00:00 DEBUG (7): OTP Count :
2018-04-06T04:16:40+00:00 DEBUG (7): EB Pin
2018-04-06T04:16:40+00:00 DEBUG (7): 
2018-04-06T04:16:40+00:00 DEBUG (7): OTP Count :
2018-04-06T04:16:47+00:00 DEBUG (7): OTP Count Before :
2018-04-06T04:16:47+00:00 DEBUG (7): OTP Count After :1
2018-04-06T04:17:40+00:00 DEBUG (7): EB Pin
2018-04-06T04:17:40+00:00 DEBUG (7): Array
(
    [9867447955] => 3248
)

2018-04-06T04:17:40+00:00 DEBUG (7): OTP Count :1
2018-04-06T04:17:42+00:00 DEBUG (7): EB Pin
2018-04-06T04:17:42+00:00 DEBUG (7): Array
(
    [9867447955] => 3248
)

2018-04-06T04:17:42+00:00 DEBUG (7): OTP Count :1
2018-04-06T04:17:48+00:00 DEBUG (7): EB Pin
2018-04-06T04:17:48+00:00 DEBUG (7): Array
(
    [9867447955] => 3248
)

2018-04-06T04:17:48+00:00 DEBUG (7): OTP Count :1
2018-04-06T04:17:51+00:00 DEBUG (7): EB Pin
2018-04-06T04:17:51+00:00 DEBUG (7): Array
(
    [9867447955] => 3248
)

2018-04-06T04:17:51+00:00 DEBUG (7): OTP Count :1
2018-04-06T04:18:26+00:00 DEBUG (7): EB Pin
2018-04-06T04:18:26+00:00 DEBUG (7): 
2018-04-06T04:18:26+00:00 DEBUG (7): OTP Count :
2018-04-06T04:18:29+00:00 DEBUG (7): EB Pin
2018-04-06T04:18:29+00:00 DEBUG (7): 
2018-04-06T04:18:29+00:00 DEBUG (7): OTP Count :
2018-04-06T04:18:34+00:00 DEBUG (7): EB Pin
2018-04-06T04:18:34+00:00 DEBUG (7): 
2018-04-06T04:18:34+00:00 DEBUG (7): OTP Count :
2018-04-06T04:18:38+00:00 DEBUG (7): EB Pin
2018-04-06T04:18:38+00:00 DEBUG (7): 
2018-04-06T04:18:38+00:00 DEBUG (7): OTP Count :
2018-04-06T04:19:20+00:00 DEBUG (7): EB Pin
2018-04-06T04:19:20+00:00 DEBUG (7): Array
(
    [9867447955] => 3248
)

2018-04-06T04:19:20+00:00 DEBUG (7): OTP Count :1
2018-04-06T04:19:23+00:00 DEBUG (7): EB Pin
2018-04-06T04:19:23+00:00 DEBUG (7): Array
(
    [9867447955] => 3248
)

2018-04-06T04:19:23+00:00 DEBUG (7): OTP Count :1
2018-04-06T04:19:27+00:00 DEBUG (7): EB Pin
2018-04-06T04:19:27+00:00 DEBUG (7): Array
(
    [9867447955] => 3248
)

2018-04-06T04:19:27+00:00 DEBUG (7): OTP Count :1
2018-04-06T04:19:31+00:00 DEBUG (7): EB Pin
2018-04-06T04:19:31+00:00 DEBUG (7): Array
(
    [9867447955] => 3248
)

2018-04-06T04:19:31+00:00 DEBUG (7): OTP Count :1
2018-04-06T04:20:05+00:00 DEBUG (7): EB Pin
2018-04-06T04:20:05+00:00 DEBUG (7): 
2018-04-06T04:20:05+00:00 DEBUG (7): OTP Count :
2018-04-06T04:20:07+00:00 DEBUG (7): EB Pin
2018-04-06T04:20:07+00:00 DEBUG (7): 
2018-04-06T04:20:07+00:00 DEBUG (7): OTP Count :
2018-04-06T04:20:13+00:00 DEBUG (7): EB Pin
2018-04-06T04:20:13+00:00 DEBUG (7): Array
(
    [9867447955] => 3248
)

2018-04-06T04:20:13+00:00 DEBUG (7): OTP Count :1
2018-04-06T04:20:13+00:00 DEBUG (7): EB Pin
2018-04-06T04:20:13+00:00 DEBUG (7): 
2018-04-06T04:20:13+00:00 DEBUG (7): OTP Count :
2018-04-06T04:20:16+00:00 DEBUG (7): EB Pin
2018-04-06T04:20:16+00:00 DEBUG (7): 
2018-04-06T04:20:16+00:00 DEBUG (7): OTP Count :
2018-04-06T04:20:26+00:00 DEBUG (7): EB Pin
2018-04-06T04:20:26+00:00 DEBUG (7): 
2018-04-06T04:20:26+00:00 DEBUG (7): OTP Count :
2018-04-06T04:20:35+00:00 DEBUG (7): EB Pin
2018-04-06T04:20:35+00:00 DEBUG (7): 
2018-04-06T04:20:35+00:00 DEBUG (7): OTP Count :
2018-04-06T04:20:38+00:00 DEBUG (7): OTP Count Before :
2018-04-06T04:20:38+00:00 DEBUG (7): OTP Count After :1
2018-04-06T04:21:48+00:00 DEBUG (7): EB Pin
2018-04-06T04:21:48+00:00 DEBUG (7): 
2018-04-06T04:21:48+00:00 DEBUG (7): OTP Count :
2018-04-06T04:21:51+00:00 DEBUG (7): EB Pin
2018-04-06T04:21:51+00:00 DEBUG (7): 
2018-04-06T04:21:51+00:00 DEBUG (7): OTP Count :
2018-04-06T04:21:57+00:00 DEBUG (7): EB Pin
2018-04-06T04:21:57+00:00 DEBUG (7): 
2018-04-06T04:21:57+00:00 DEBUG (7): OTP Count :
2018-04-06T04:22:01+00:00 DEBUG (7): EB Pin
2018-04-06T04:22:01+00:00 DEBUG (7): 
2018-04-06T04:22:01+00:00 DEBUG (7): OTP Count :
2018-04-06T04:22:25+00:00 DEBUG (7): EB Pin
2018-04-06T04:22:25+00:00 DEBUG (7): 
2018-04-06T04:22:25+00:00 DEBUG (7): OTP Count :
2018-04-06T04:22:28+00:00 DEBUG (7): EB Pin
2018-04-06T04:22:28+00:00 DEBUG (7): 
2018-04-06T04:22:28+00:00 DEBUG (7): OTP Count :
2018-04-06T04:22:33+00:00 DEBUG (7): EB Pin
2018-04-06T04:22:33+00:00 DEBUG (7): 
2018-04-06T04:22:33+00:00 DEBUG (7): OTP Count :
2018-04-06T04:22:37+00:00 DEBUG (7): EB Pin
2018-04-06T04:22:37+00:00 DEBUG (7): 
2018-04-06T04:22:37+00:00 DEBUG (7): OTP Count :
2018-04-06T04:22:42+00:00 DEBUG (7): EB Pin
2018-04-06T04:22:42+00:00 DEBUG (7): 
2018-04-06T04:22:42+00:00 DEBUG (7): OTP Count :
2018-04-06T04:22:50+00:00 DEBUG (7): OTP Count Before :
2018-04-06T04:22:50+00:00 DEBUG (7): OTP Count After :1
2018-04-06T04:26:19+00:00 DEBUG (7): EB Pin
2018-04-06T04:26:19+00:00 DEBUG (7): Array
(
    [1111111111] => 8942
)

2018-04-06T04:26:19+00:00 DEBUG (7): OTP Count :1
2018-04-06T04:26:21+00:00 DEBUG (7): EB Pin
2018-04-06T04:26:21+00:00 DEBUG (7): Array
(
    [1111111111] => 8942
)

2018-04-06T04:26:21+00:00 DEBUG (7): OTP Count :1
2018-04-06T04:26:27+00:00 DEBUG (7): EB Pin
2018-04-06T04:26:27+00:00 DEBUG (7): Array
(
    [1111111111] => 8942
)

2018-04-06T04:26:27+00:00 DEBUG (7): OTP Count :1
2018-04-06T04:26:32+00:00 DEBUG (7): EB Pin
2018-04-06T04:26:32+00:00 DEBUG (7): Array
(
    [1111111111] => 8942
)

2018-04-06T04:26:32+00:00 DEBUG (7): OTP Count :1
2018-04-06T04:26:39+00:00 DEBUG (7): EB Pin
2018-04-06T04:26:39+00:00 DEBUG (7): Array
(
    [1111111111] => 8942
)

2018-04-06T04:26:39+00:00 DEBUG (7): OTP Count :1
2018-04-06T04:29:24+00:00 DEBUG (7): EB Pin
2018-04-06T04:29:24+00:00 DEBUG (7): Array
(
    [0000000000] => 3414
)

2018-04-06T04:29:24+00:00 DEBUG (7): OTP Count :1
2018-04-06T04:29:27+00:00 DEBUG (7): EB Pin
2018-04-06T04:29:27+00:00 DEBUG (7): Array
(
    [0000000000] => 3414
)

2018-04-06T04:29:27+00:00 DEBUG (7): OTP Count :1
2018-04-06T04:29:32+00:00 DEBUG (7): EB Pin
2018-04-06T04:29:32+00:00 DEBUG (7): Array
(
    [0000000000] => 3414
)

2018-04-06T04:29:32+00:00 DEBUG (7): OTP Count :1
2018-04-06T04:29:35+00:00 DEBUG (7): EB Pin
2018-04-06T04:29:35+00:00 DEBUG (7): Array
(
    [0000000000] => 3414
)

2018-04-06T04:29:35+00:00 DEBUG (7): OTP Count :1
2018-04-06T04:30:11+00:00 DEBUG (7): EB Pin
2018-04-06T04:30:11+00:00 DEBUG (7): Array
(
    [0000000000] => 3414
)

2018-04-06T04:30:11+00:00 DEBUG (7): OTP Count :1
2018-04-06T04:33:34+00:00 DEBUG (7): EB Pin
2018-04-06T04:33:34+00:00 DEBUG (7): Array
(
    [0000000000] => 3414
)

2018-04-06T04:33:34+00:00 DEBUG (7): OTP Count :1
2018-04-06T04:33:38+00:00 DEBUG (7): EB Pin
2018-04-06T04:33:38+00:00 DEBUG (7): Array
(
    [0000000000] => 3414
)

2018-04-06T04:33:38+00:00 DEBUG (7): OTP Count :1
2018-04-06T04:38:22+00:00 DEBUG (7): EB Pin
2018-04-06T04:38:22+00:00 DEBUG (7): 
2018-04-06T04:38:22+00:00 DEBUG (7): OTP Count :
2018-04-06T04:38:26+00:00 DEBUG (7): EB Pin
2018-04-06T04:38:26+00:00 DEBUG (7): 
2018-04-06T04:38:26+00:00 DEBUG (7): OTP Count :
2018-04-06T04:38:33+00:00 DEBUG (7): EB Pin
2018-04-06T04:38:33+00:00 DEBUG (7): 
2018-04-06T04:38:33+00:00 DEBUG (7): OTP Count :
2018-04-06T04:38:37+00:00 DEBUG (7): EB Pin
2018-04-06T04:38:37+00:00 DEBUG (7): 
2018-04-06T04:38:37+00:00 DEBUG (7): OTP Count :
2018-04-06T04:38:58+00:00 DEBUG (7): EB Pin
2018-04-06T04:38:58+00:00 DEBUG (7): 
2018-04-06T04:38:58+00:00 DEBUG (7): OTP Count :
2018-04-06T04:43:18+00:00 DEBUG (7): EB Pin
2018-04-06T04:43:18+00:00 DEBUG (7): 
2018-04-06T04:43:18+00:00 DEBUG (7): OTP Count :
2018-04-06T04:43:20+00:00 DEBUG (7): EB Pin
2018-04-06T04:43:20+00:00 DEBUG (7): 
2018-04-06T04:43:20+00:00 DEBUG (7): OTP Count :
2018-04-06T04:43:26+00:00 DEBUG (7): EB Pin
2018-04-06T04:43:26+00:00 DEBUG (7): 
2018-04-06T04:43:26+00:00 DEBUG (7): OTP Count :
2018-04-06T04:43:29+00:00 DEBUG (7): EB Pin
2018-04-06T04:43:29+00:00 DEBUG (7): 
2018-04-06T04:43:29+00:00 DEBUG (7): OTP Count :
2018-04-06T04:43:39+00:00 DEBUG (7): EB Pin
2018-04-06T04:43:39+00:00 DEBUG (7): 
2018-04-06T04:43:39+00:00 DEBUG (7): OTP Count :
2018-04-06T04:43:42+00:00 DEBUG (7): EB Pin
2018-04-06T04:43:42+00:00 DEBUG (7): 
2018-04-06T04:43:42+00:00 DEBUG (7): OTP Count :
2018-04-06T04:43:46+00:00 DEBUG (7): EB Pin
2018-04-06T04:43:46+00:00 DEBUG (7): 
2018-04-06T04:43:46+00:00 DEBUG (7): OTP Count :
2018-04-06T04:46:23+00:00 DEBUG (7): EB Pin
2018-04-06T04:46:23+00:00 DEBUG (7): 
2018-04-06T04:46:23+00:00 DEBUG (7): OTP Count :
2018-04-06T04:47:18+00:00 DEBUG (7): EB Pin
2018-04-06T04:47:18+00:00 DEBUG (7): 
2018-04-06T04:47:18+00:00 DEBUG (7): OTP Count :
2018-04-06T04:47:26+00:00 DEBUG (7): EB Pin
2018-04-06T04:47:26+00:00 DEBUG (7): 
2018-04-06T04:47:26+00:00 DEBUG (7): OTP Count :
2018-04-06T04:47:30+00:00 DEBUG (7): EB Pin
2018-04-06T04:47:30+00:00 DEBUG (7): 
2018-04-06T04:47:30+00:00 DEBUG (7): OTP Count :
2018-04-06T04:48:00+00:00 DEBUG (7): EB Pin
2018-04-06T04:48:00+00:00 DEBUG (7): 
2018-04-06T04:48:00+00:00 DEBUG (7): OTP Count :
2018-04-06T04:49:16+00:00 DEBUG (7): OTP Count Before :
2018-04-06T04:49:16+00:00 DEBUG (7): OTP Count After :1
2018-04-06T04:52:28+00:00 DEBUG (7): EB Pin
2018-04-06T04:52:28+00:00 DEBUG (7): Array
(
    [9920742362] => 2694
)

2018-04-06T04:52:28+00:00 DEBUG (7): OTP Count :1
2018-04-06T06:07:21+00:00 DEBUG (7): EB Pin
2018-04-06T06:07:21+00:00 DEBUG (7): 
2018-04-06T06:07:21+00:00 DEBUG (7): OTP Count :
2018-04-06T06:07:26+00:00 DEBUG (7): EB Pin
2018-04-06T06:07:26+00:00 DEBUG (7): 
2018-04-06T06:07:26+00:00 DEBUG (7): OTP Count :
2018-04-06T06:07:30+00:00 DEBUG (7): EB Pin
2018-04-06T06:07:30+00:00 DEBUG (7): 
2018-04-06T06:07:30+00:00 DEBUG (7): OTP Count :
2018-04-06T06:09:46+00:00 DEBUG (7): EB Pin
2018-04-06T06:09:46+00:00 DEBUG (7): 
2018-04-06T06:09:46+00:00 DEBUG (7): OTP Count :
2018-04-06T06:09:50+00:00 DEBUG (7): EB Pin
2018-04-06T06:09:50+00:00 DEBUG (7): 
2018-04-06T06:09:50+00:00 DEBUG (7): OTP Count :
2018-04-06T06:09:54+00:00 DEBUG (7): EB Pin
2018-04-06T06:09:54+00:00 DEBUG (7): 
2018-04-06T06:09:54+00:00 DEBUG (7): OTP Count :
2018-04-06T06:09:58+00:00 DEBUG (7): EB Pin
2018-04-06T06:09:58+00:00 DEBUG (7): 
2018-04-06T06:09:58+00:00 DEBUG (7): OTP Count :
2018-04-06T06:10:07+00:00 DEBUG (7): EB Pin
2018-04-06T06:10:07+00:00 DEBUG (7): 
2018-04-06T06:10:07+00:00 DEBUG (7): OTP Count :
2018-04-06T06:10:08+00:00 DEBUG (7): OTP Count Before :
2018-04-06T06:10:08+00:00 DEBUG (7): OTP Count After :1
